2023-05-23 12:25:48,696:INFO:PyCaret Supervised Module
2023-05-23 12:25:48,697:INFO:ML Usecase: classification
2023-05-23 12:25:48,698:INFO:version 2.2.2
2023-05-23 12:25:48,698:INFO:Initializing setup()
2023-05-23 12:25:48,698:INFO:setup(target=Drug, ml_usecase=classification, available_plots={'parameter': 'Hyperparameters', 'auc': 'AUC', 'confusion_matrix': 'Confusion Matrix', 'threshold': 'Threshold', 'pr': 'Precision Recall', 'error': 'Prediction Error', 'class_report': 'Class Report', 'rfe': 'Feature Selection', 'learning': 'Learning Curve', 'manifold': 'Manifold Learning', 'calibration': 'Calibration Curve', 'vc': 'Validation Curve', 'dimension': 'Dimensions', 'feature': 'Feature Importance', 'feature_all': 'Feature Importance (All)', 'boundary': 'Decision Boundary', 'lift': 'Lift Chart', 'gain': 'Gain Chart', 'tree': 'Decision Tree'}, train_size=0.7, test_data=None, preprocess=True, imputation_type=simple, iterative_imputation_iters=5, categorical_features=None, categorical_imputation=constant, categorical_iterative_imputer=lightgbm, ordinal_features=None, high_cardinality_features=None, high_cardinality_method=frequency, numeric_features=None, numeric_imputation=mean, numeric_iterative_imputer=lightgbm, date_features=None, ignore_features=None, normalize=False, normalize_method=zscore, transformation=False, transformation_method=yeo-johnson, handle_unknown_categorical=True, unknown_categorical_method=least_frequent, pca=False, pca_method=linear, pca_components=None, ignore_low_variance=False, combine_rare_levels=False, rare_level_threshold=0.1, bin_numeric_features=None, remove_outliers=False, outliers_threshold=0.05, remove_multicollinearity=False, multicollinearity_threshold=0.9, remove_perfect_collinearity=True, create_clusters=False, cluster_iter=20, polynomial_features=False, polynomial_degree=2, trigonometry_features=False, polynomial_threshold=0.1, group_features=None, group_names=None, feature_selection=False, feature_selection_threshold=0.8, feature_selection_method=classic, feature_interaction=False, feature_ratio=False, interaction_threshold=0.01, fix_imbalance=False, fix_imbalance_method=None, transform_target=False, transform_target_method=box-cox, data_split_shuffle=True, data_split_stratify=False, fold_strategy=stratifiedkfold, fold=10, fold_shuffle=False, fold_groups=None, n_jobs=-1, use_gpu=False, custom_pipeline=None, html=True, session_id=None, log_experiment=False, experiment_name=None, log_plots=False, log_profile=False, log_data=False, silent=False, verbose=True, profile=False, profile_kwargs=None, display=None)
2023-05-23 12:25:48,699:INFO:Checking environment
2023-05-23 12:25:48,699:INFO:python_version: 3.9.6
2023-05-23 12:25:48,699:INFO:python_build: ('tags/v3.9.6:db3ff76', 'Jun 28 2021 15:26:21')
2023-05-23 12:25:48,699:INFO:machine: AMD64
2023-05-23 12:25:48,981:INFO:platform: Windows-10-10.0.19045-SP0
2023-05-23 12:25:49,007:INFO:Memory: svmem(total=8477655040, available=2450427904, percent=71.1, used=6027227136, free=2450427904)
2023-05-23 12:25:49,008:INFO:Physical Core: 2
2023-05-23 12:25:49,008:INFO:Logical Core: 4
2023-05-23 12:25:49,008:INFO:Checking libraries
2023-05-23 12:25:49,009:INFO:pd==1.3.1
2023-05-23 12:25:49,009:INFO:numpy==1.22.4
2023-05-23 12:25:49,009:INFO:sklearn==1.1.2
2023-05-23 12:25:55,301:INFO:xgboost==1.6.2
2023-05-23 12:25:55,301:INFO:lightgbm==3.3.2
2023-05-23 12:25:56,301:INFO:catboost==1.0.6
2023-05-23 12:26:03,141:INFO:mlflow==1.28.0
2023-05-23 12:26:03,142:INFO:Checking Exceptions
2023-05-23 12:27:18,937:INFO:PyCaret Supervised Module
2023-05-23 12:27:18,938:INFO:ML Usecase: classification
2023-05-23 12:27:18,938:INFO:version 2.2.2
2023-05-23 12:27:18,938:INFO:Initializing setup()
2023-05-23 12:27:18,938:INFO:setup(target=Drug, ml_usecase=classification, available_plots={'parameter': 'Hyperparameters', 'auc': 'AUC', 'confusion_matrix': 'Confusion Matrix', 'threshold': 'Threshold', 'pr': 'Precision Recall', 'error': 'Prediction Error', 'class_report': 'Class Report', 'rfe': 'Feature Selection', 'learning': 'Learning Curve', 'manifold': 'Manifold Learning', 'calibration': 'Calibration Curve', 'vc': 'Validation Curve', 'dimension': 'Dimensions', 'feature': 'Feature Importance', 'feature_all': 'Feature Importance (All)', 'boundary': 'Decision Boundary', 'lift': 'Lift Chart', 'gain': 'Gain Chart', 'tree': 'Decision Tree'}, train_size=0.7, test_data=None, preprocess=True, imputation_type=simple, iterative_imputation_iters=5, categorical_features=None, categorical_imputation=constant, categorical_iterative_imputer=lightgbm, ordinal_features=None, high_cardinality_features=None, high_cardinality_method=frequency, numeric_features=None, numeric_imputation=mean, numeric_iterative_imputer=lightgbm, date_features=None, ignore_features=None, normalize=False, normalize_method=zscore, transformation=False, transformation_method=yeo-johnson, handle_unknown_categorical=True, unknown_categorical_method=least_frequent, pca=False, pca_method=linear, pca_components=None, ignore_low_variance=False, combine_rare_levels=False, rare_level_threshold=0.1, bin_numeric_features=None, remove_outliers=False, outliers_threshold=0.05, remove_multicollinearity=False, multicollinearity_threshold=0.9, remove_perfect_collinearity=True, create_clusters=False, cluster_iter=20, polynomial_features=False, polynomial_degree=2, trigonometry_features=False, polynomial_threshold=0.1, group_features=None, group_names=None, feature_selection=False, feature_selection_threshold=0.8, feature_selection_method=classic, feature_interaction=False, feature_ratio=False, interaction_threshold=0.01, fix_imbalance=False, fix_imbalance_method=None, transform_target=False, transform_target_method=box-cox, data_split_shuffle=True, data_split_stratify=False, fold_strategy=stratifiedkfold, fold=10, fold_shuffle=False, fold_groups=None, n_jobs=-1, use_gpu=False, custom_pipeline=None, html=True, session_id=None, log_experiment=False, experiment_name=None, log_plots=False, log_profile=False, log_data=False, silent=False, verbose=True, profile=False, profile_kwargs=None, display=None)
2023-05-23 12:27:18,938:INFO:Checking environment
2023-05-23 12:27:18,939:INFO:python_version: 3.9.6
2023-05-23 12:27:18,939:INFO:python_build: ('tags/v3.9.6:db3ff76', 'Jun 28 2021 15:26:21')
2023-05-23 12:27:18,939:INFO:machine: AMD64
2023-05-23 12:27:18,939:INFO:platform: Windows-10-10.0.19045-SP0
2023-05-23 12:27:18,939:INFO:Memory: svmem(total=8477655040, available=2453352448, percent=71.1, used=6024302592, free=2453352448)
2023-05-23 12:27:18,939:INFO:Physical Core: 2
2023-05-23 12:27:18,939:INFO:Logical Core: 4
2023-05-23 12:27:18,941:INFO:Checking libraries
2023-05-23 12:27:18,941:INFO:pd==1.3.1
2023-05-23 12:27:18,941:INFO:numpy==1.22.4
2023-05-23 12:27:18,941:INFO:sklearn==1.1.2
2023-05-23 12:27:18,942:INFO:xgboost==1.6.2
2023-05-23 12:27:18,942:INFO:lightgbm==3.3.2
2023-05-23 12:27:18,942:INFO:catboost==1.0.6
2023-05-23 12:27:18,942:INFO:mlflow==1.28.0
2023-05-23 12:27:18,942:INFO:Checking Exceptions
2023-05-23 12:27:44,671:INFO:PyCaret Supervised Module
2023-05-23 12:27:44,671:INFO:ML Usecase: classification
2023-05-23 12:27:44,671:INFO:version 2.2.2
2023-05-23 12:27:44,671:INFO:Initializing setup()
2023-05-23 12:27:44,671:INFO:setup(target=Drug, ml_usecase=classification, available_plots={'parameter': 'Hyperparameters', 'auc': 'AUC', 'confusion_matrix': 'Confusion Matrix', 'threshold': 'Threshold', 'pr': 'Precision Recall', 'error': 'Prediction Error', 'class_report': 'Class Report', 'rfe': 'Feature Selection', 'learning': 'Learning Curve', 'manifold': 'Manifold Learning', 'calibration': 'Calibration Curve', 'vc': 'Validation Curve', 'dimension': 'Dimensions', 'feature': 'Feature Importance', 'feature_all': 'Feature Importance (All)', 'boundary': 'Decision Boundary', 'lift': 'Lift Chart', 'gain': 'Gain Chart', 'tree': 'Decision Tree'}, train_size=0.7, test_data=None, preprocess=True, imputation_type=simple, iterative_imputation_iters=5, categorical_features=None, categorical_imputation=constant, categorical_iterative_imputer=lightgbm, ordinal_features=None, high_cardinality_features=None, high_cardinality_method=frequency, numeric_features=None, numeric_imputation=mean, numeric_iterative_imputer=lightgbm, date_features=None, ignore_features=None, normalize=False, normalize_method=zscore, transformation=False, transformation_method=yeo-johnson, handle_unknown_categorical=True, unknown_categorical_method=least_frequent, pca=False, pca_method=linear, pca_components=None, ignore_low_variance=False, combine_rare_levels=False, rare_level_threshold=0.1, bin_numeric_features=None, remove_outliers=False, outliers_threshold=0.05, remove_multicollinearity=False, multicollinearity_threshold=0.9, remove_perfect_collinearity=True, create_clusters=False, cluster_iter=20, polynomial_features=False, polynomial_degree=2, trigonometry_features=False, polynomial_threshold=0.1, group_features=None, group_names=None, feature_selection=False, feature_selection_threshold=0.8, feature_selection_method=classic, feature_interaction=False, feature_ratio=False, interaction_threshold=0.01, fix_imbalance=False, fix_imbalance_method=None, transform_target=False, transform_target_method=box-cox, data_split_shuffle=True, data_split_stratify=False, fold_strategy=stratifiedkfold, fold=10, fold_shuffle=False, fold_groups=None, n_jobs=-1, use_gpu=False, custom_pipeline=None, html=True, session_id=None, log_experiment=False, experiment_name=None, log_plots=False, log_profile=False, log_data=False, silent=False, verbose=True, profile=False, profile_kwargs=None, display=None)
2023-05-23 12:27:44,671:INFO:Checking environment
2023-05-23 12:27:44,671:INFO:python_version: 3.9.6
2023-05-23 12:27:44,672:INFO:python_build: ('tags/v3.9.6:db3ff76', 'Jun 28 2021 15:26:21')
2023-05-23 12:27:44,672:INFO:machine: AMD64
2023-05-23 12:27:44,672:INFO:platform: Windows-10-10.0.19045-SP0
2023-05-23 12:27:44,672:INFO:Memory: svmem(total=8477655040, available=2376830976, percent=72.0, used=6100824064, free=2376830976)
2023-05-23 12:27:44,672:INFO:Physical Core: 2
2023-05-23 12:27:44,672:INFO:Logical Core: 4
2023-05-23 12:27:44,672:INFO:Checking libraries
2023-05-23 12:27:44,672:INFO:pd==1.3.1
2023-05-23 12:27:44,672:INFO:numpy==1.22.4
2023-05-23 12:27:44,672:INFO:sklearn==1.1.2
2023-05-23 12:27:44,672:INFO:xgboost==1.6.2
2023-05-23 12:27:44,672:INFO:lightgbm==3.3.2
2023-05-23 12:27:44,672:INFO:catboost==1.0.6
2023-05-23 12:27:44,672:INFO:mlflow==1.28.0
2023-05-23 12:27:44,672:INFO:Checking Exceptions
2023-05-23 12:27:44,672:INFO:Declaring global variables
2023-05-23 12:27:44,672:INFO:USI: 5176
2023-05-23 12:27:44,672:INFO:pycaret_globals: {'_gpu_n_jobs_param', 'fold_groups_param', '_all_models', 'fold_generator', 'log_plots_param', '_internal_pipeline', 'USI', 'logging_param', 'data_before_preprocess', 'master_model_container', 'X', 'fix_imbalance_method_param', 'imputation_regressor', 'gpu_param', 'seed', 'pycaret_globals', 'create_model_container', 'exp_name_log', 'display_container', 'iterative_imputation_iters_param', 'y_train', 'fix_imbalance_param', 'X_train', 'prep_pipe', 'fold_shuffle_param', 'stratify_param', 'y_test', 'fold_param', 'transform_target_method_param', '_all_metrics', '_ml_usecase', 'imputation_classifier', 'y', 'transform_target_param', 'X_test', 'html_param', 'target_param', '_available_plots', 'n_jobs_param', 'experiment__', '_all_models_internal'}
2023-05-23 12:27:44,672:INFO:Preparing display monitor
2023-05-23 12:27:44,672:INFO:Preparing display monitor
2023-05-23 12:27:44,693:INFO:Importing libraries
2023-05-23 12:27:44,694:INFO:Copying data for preprocessing
2023-05-23 12:27:44,708:INFO:Declaring preprocessing parameters
2023-05-23 12:27:44,710:INFO:Creating preprocessing pipeline
2023-05-23 12:27:44,785:INFO:Preprocessing pipeline created successfully
2023-05-23 12:27:44,785:ERROR:(Process Exit): setup has been interupted with user command 'quit'. setup must rerun.
2023-05-23 12:27:44,785:INFO:Creating global containers
2023-05-23 12:31:04,149:INFO:PyCaret Supervised Module
2023-05-23 12:31:04,149:INFO:ML Usecase: classification
2023-05-23 12:31:04,149:INFO:version 2.2.2
2023-05-23 12:31:04,149:INFO:Initializing setup()
2023-05-23 12:31:04,150:INFO:setup(target=Drug, ml_usecase=classification, available_plots={'parameter': 'Hyperparameters', 'auc': 'AUC', 'confusion_matrix': 'Confusion Matrix', 'threshold': 'Threshold', 'pr': 'Precision Recall', 'error': 'Prediction Error', 'class_report': 'Class Report', 'rfe': 'Feature Selection', 'learning': 'Learning Curve', 'manifold': 'Manifold Learning', 'calibration': 'Calibration Curve', 'vc': 'Validation Curve', 'dimension': 'Dimensions', 'feature': 'Feature Importance', 'feature_all': 'Feature Importance (All)', 'boundary': 'Decision Boundary', 'lift': 'Lift Chart', 'gain': 'Gain Chart', 'tree': 'Decision Tree'}, train_size=0.7, test_data=None, preprocess=True, imputation_type=simple, iterative_imputation_iters=5, categorical_features=None, categorical_imputation=constant, categorical_iterative_imputer=lightgbm, ordinal_features=None, high_cardinality_features=None, high_cardinality_method=frequency, numeric_features=None, numeric_imputation=mean, numeric_iterative_imputer=lightgbm, date_features=None, ignore_features=None, normalize=False, normalize_method=zscore, transformation=False, transformation_method=yeo-johnson, handle_unknown_categorical=True, unknown_categorical_method=least_frequent, pca=False, pca_method=linear, pca_components=None, ignore_low_variance=False, combine_rare_levels=False, rare_level_threshold=0.1, bin_numeric_features=None, remove_outliers=False, outliers_threshold=0.05, remove_multicollinearity=False, multicollinearity_threshold=0.9, remove_perfect_collinearity=True, create_clusters=False, cluster_iter=20, polynomial_features=False, polynomial_degree=2, trigonometry_features=False, polynomial_threshold=0.1, group_features=None, group_names=None, feature_selection=False, feature_selection_threshold=0.8, feature_selection_method=classic, feature_interaction=False, feature_ratio=False, interaction_threshold=0.01, fix_imbalance=False, fix_imbalance_method=None, transform_target=False, transform_target_method=box-cox, data_split_shuffle=True, data_split_stratify=False, fold_strategy=stratifiedkfold, fold=10, fold_shuffle=False, fold_groups=None, n_jobs=-1, use_gpu=False, custom_pipeline=None, html=True, session_id=123, log_experiment=False, experiment_name=None, log_plots=False, log_profile=False, log_data=False, silent=False, verbose=True, profile=False, profile_kwargs=None, display=None)
2023-05-23 12:31:04,150:INFO:Checking environment
2023-05-23 12:31:04,150:INFO:python_version: 3.9.6
2023-05-23 12:31:04,150:INFO:python_build: ('tags/v3.9.6:db3ff76', 'Jun 28 2021 15:26:21')
2023-05-23 12:31:04,151:INFO:machine: AMD64
2023-05-23 12:31:04,151:INFO:platform: Windows-10-10.0.19045-SP0
2023-05-23 12:31:04,151:INFO:Memory: svmem(total=8477655040, available=2474864640, percent=70.8, used=6002790400, free=2474864640)
2023-05-23 12:31:04,151:INFO:Physical Core: 2
2023-05-23 12:31:04,151:INFO:Logical Core: 4
2023-05-23 12:31:04,152:INFO:Checking libraries
2023-05-23 12:31:04,152:INFO:pd==1.3.1
2023-05-23 12:31:04,152:INFO:numpy==1.22.4
2023-05-23 12:31:04,152:INFO:sklearn==1.1.2
2023-05-23 12:31:04,152:INFO:xgboost==1.6.2
2023-05-23 12:31:04,152:INFO:lightgbm==3.3.2
2023-05-23 12:31:04,152:INFO:catboost==1.0.6
2023-05-23 12:31:04,152:INFO:mlflow==1.28.0
2023-05-23 12:31:04,152:INFO:Checking Exceptions
2023-05-23 12:31:04,153:INFO:Declaring global variables
2023-05-23 12:31:04,153:INFO:USI: 4a7a
2023-05-23 12:31:04,153:INFO:pycaret_globals: {'_gpu_n_jobs_param', 'fold_groups_param', '_all_models', 'fold_generator', 'log_plots_param', '_internal_pipeline', 'USI', 'logging_param', 'data_before_preprocess', 'master_model_container', 'X', 'fix_imbalance_method_param', 'imputation_regressor', 'gpu_param', 'seed', 'pycaret_globals', 'create_model_container', 'exp_name_log', 'display_container', 'iterative_imputation_iters_param', 'y_train', 'fix_imbalance_param', 'X_train', 'prep_pipe', 'fold_shuffle_param', 'stratify_param', 'y_test', 'fold_param', 'transform_target_method_param', '_all_metrics', '_ml_usecase', 'imputation_classifier', 'y', 'transform_target_param', 'X_test', 'html_param', 'target_param', '_available_plots', 'n_jobs_param', 'experiment__', '_all_models_internal'}
2023-05-23 12:31:04,153:INFO:Preparing display monitor
2023-05-23 12:31:04,153:INFO:Preparing display monitor
2023-05-23 12:31:04,179:INFO:Importing libraries
2023-05-23 12:31:04,179:INFO:Copying data for preprocessing
2023-05-23 12:31:04,191:INFO:Declaring preprocessing parameters
2023-05-23 12:31:04,194:INFO:Creating preprocessing pipeline
2023-05-23 12:31:04,202:INFO:Preprocessing pipeline created successfully
2023-05-23 12:31:04,202:ERROR:(Process Exit): setup has been interupted with user command 'quit'. setup must rerun.
2023-05-23 12:31:04,202:INFO:Creating global containers
2023-05-23 12:31:59,541:INFO:PyCaret Supervised Module
2023-05-23 12:31:59,541:INFO:ML Usecase: classification
2023-05-23 12:31:59,543:INFO:version 2.2.2
2023-05-23 12:31:59,543:INFO:Initializing setup()
2023-05-23 12:31:59,545:INFO:setup(target=Drug, ml_usecase=classification, available_plots={'parameter': 'Hyperparameters', 'auc': 'AUC', 'confusion_matrix': 'Confusion Matrix', 'threshold': 'Threshold', 'pr': 'Precision Recall', 'error': 'Prediction Error', 'class_report': 'Class Report', 'rfe': 'Feature Selection', 'learning': 'Learning Curve', 'manifold': 'Manifold Learning', 'calibration': 'Calibration Curve', 'vc': 'Validation Curve', 'dimension': 'Dimensions', 'feature': 'Feature Importance', 'feature_all': 'Feature Importance (All)', 'boundary': 'Decision Boundary', 'lift': 'Lift Chart', 'gain': 'Gain Chart', 'tree': 'Decision Tree'}, train_size=0.7, test_data=None, preprocess=True, imputation_type=simple, iterative_imputation_iters=5, categorical_features=None, categorical_imputation=constant, categorical_iterative_imputer=lightgbm, ordinal_features=None, high_cardinality_features=None, high_cardinality_method=frequency, numeric_features=None, numeric_imputation=mean, numeric_iterative_imputer=lightgbm, date_features=None, ignore_features=None, normalize=False, normalize_method=zscore, transformation=False, transformation_method=yeo-johnson, handle_unknown_categorical=True, unknown_categorical_method=least_frequent, pca=False, pca_method=linear, pca_components=None, ignore_low_variance=False, combine_rare_levels=False, rare_level_threshold=0.1, bin_numeric_features=None, remove_outliers=False, outliers_threshold=0.05, remove_multicollinearity=False, multicollinearity_threshold=0.9, remove_perfect_collinearity=True, create_clusters=False, cluster_iter=20, polynomial_features=False, polynomial_degree=2, trigonometry_features=False, polynomial_threshold=0.1, group_features=None, group_names=None, feature_selection=False, feature_selection_threshold=0.8, feature_selection_method=classic, feature_interaction=False, feature_ratio=False, interaction_threshold=0.01, fix_imbalance=False, fix_imbalance_method=None, transform_target=False, transform_target_method=box-cox, data_split_shuffle=True, data_split_stratify=False, fold_strategy=stratifiedkfold, fold=10, fold_shuffle=False, fold_groups=None, n_jobs=-1, use_gpu=False, custom_pipeline=None, html=True, session_id=None, log_experiment=False, experiment_name=None, log_plots=False, log_profile=False, log_data=False, silent=False, verbose=True, profile=False, profile_kwargs=None, display=None)
2023-05-23 12:31:59,546:INFO:Checking environment
2023-05-23 12:31:59,547:INFO:python_version: 3.9.6
2023-05-23 12:31:59,547:INFO:python_build: ('tags/v3.9.6:db3ff76', 'Jun 28 2021 15:26:21')
2023-05-23 12:31:59,548:INFO:machine: AMD64
2023-05-23 12:31:59,548:INFO:platform: Windows-10-10.0.19045-SP0
2023-05-23 12:31:59,548:INFO:Memory: svmem(total=8477655040, available=2633920512, percent=68.9, used=5843734528, free=2633920512)
2023-05-23 12:31:59,548:INFO:Physical Core: 2
2023-05-23 12:31:59,548:INFO:Logical Core: 4
2023-05-23 12:31:59,549:INFO:Checking libraries
2023-05-23 12:31:59,549:INFO:pd==1.3.1
2023-05-23 12:31:59,549:INFO:numpy==1.22.4
2023-05-23 12:31:59,549:INFO:sklearn==1.1.2
2023-05-23 12:31:59,549:INFO:xgboost==1.6.2
2023-05-23 12:31:59,549:INFO:lightgbm==3.3.2
2023-05-23 12:31:59,549:INFO:catboost==1.0.6
2023-05-23 12:31:59,549:INFO:mlflow==1.28.0
2023-05-23 12:31:59,549:INFO:Checking Exceptions
2023-05-23 12:31:59,549:INFO:Declaring global variables
2023-05-23 12:31:59,549:INFO:USI: a31b
2023-05-23 12:31:59,550:INFO:pycaret_globals: {'_gpu_n_jobs_param', 'fold_groups_param', '_all_models', 'fold_generator', 'log_plots_param', '_internal_pipeline', 'USI', 'logging_param', 'data_before_preprocess', 'master_model_container', 'X', 'fix_imbalance_method_param', 'imputation_regressor', 'gpu_param', 'seed', 'pycaret_globals', 'create_model_container', 'exp_name_log', 'display_container', 'iterative_imputation_iters_param', 'y_train', 'fix_imbalance_param', 'X_train', 'prep_pipe', 'fold_shuffle_param', 'stratify_param', 'y_test', 'fold_param', 'transform_target_method_param', '_all_metrics', '_ml_usecase', 'imputation_classifier', 'y', 'transform_target_param', 'X_test', 'html_param', 'target_param', '_available_plots', 'n_jobs_param', 'experiment__', '_all_models_internal'}
2023-05-23 12:31:59,550:INFO:Preparing display monitor
2023-05-23 12:31:59,550:INFO:Preparing display monitor
2023-05-23 12:31:59,574:INFO:Importing libraries
2023-05-23 12:31:59,574:INFO:Copying data for preprocessing
2023-05-23 12:31:59,596:INFO:Declaring preprocessing parameters
2023-05-23 12:31:59,597:INFO:Creating preprocessing pipeline
2023-05-23 12:31:59,601:INFO:Preprocessing pipeline created successfully
2023-05-23 12:31:59,602:ERROR:(Process Exit): setup has been interupted with user command 'quit'. setup must rerun.
2023-05-23 12:31:59,602:INFO:Creating global containers
2023-05-23 12:32:36,275:INFO:PyCaret Supervised Module
2023-05-23 12:32:36,275:INFO:ML Usecase: classification
2023-05-23 12:32:36,277:INFO:version 2.2.2
2023-05-23 12:32:36,278:INFO:Initializing setup()
2023-05-23 12:32:36,279:INFO:setup(target=Drug, ml_usecase=classification, available_plots={'parameter': 'Hyperparameters', 'auc': 'AUC', 'confusion_matrix': 'Confusion Matrix', 'threshold': 'Threshold', 'pr': 'Precision Recall', 'error': 'Prediction Error', 'class_report': 'Class Report', 'rfe': 'Feature Selection', 'learning': 'Learning Curve', 'manifold': 'Manifold Learning', 'calibration': 'Calibration Curve', 'vc': 'Validation Curve', 'dimension': 'Dimensions', 'feature': 'Feature Importance', 'feature_all': 'Feature Importance (All)', 'boundary': 'Decision Boundary', 'lift': 'Lift Chart', 'gain': 'Gain Chart', 'tree': 'Decision Tree'}, train_size=0.7, test_data=None, preprocess=True, imputation_type=simple, iterative_imputation_iters=5, categorical_features=None, categorical_imputation=constant, categorical_iterative_imputer=lightgbm, ordinal_features=None, high_cardinality_features=None, high_cardinality_method=frequency, numeric_features=None, numeric_imputation=mean, numeric_iterative_imputer=lightgbm, date_features=None, ignore_features=None, normalize=False, normalize_method=zscore, transformation=False, transformation_method=yeo-johnson, handle_unknown_categorical=True, unknown_categorical_method=least_frequent, pca=False, pca_method=linear, pca_components=None, ignore_low_variance=False, combine_rare_levels=False, rare_level_threshold=0.1, bin_numeric_features=None, remove_outliers=False, outliers_threshold=0.05, remove_multicollinearity=False, multicollinearity_threshold=0.9, remove_perfect_collinearity=True, create_clusters=False, cluster_iter=20, polynomial_features=False, polynomial_degree=2, trigonometry_features=False, polynomial_threshold=0.1, group_features=None, group_names=None, feature_selection=False, feature_selection_threshold=0.8, feature_selection_method=classic, feature_interaction=False, feature_ratio=False, interaction_threshold=0.01, fix_imbalance=False, fix_imbalance_method=None, transform_target=False, transform_target_method=box-cox, data_split_shuffle=True, data_split_stratify=False, fold_strategy=stratifiedkfold, fold=10, fold_shuffle=True, fold_groups=None, n_jobs=-1, use_gpu=False, custom_pipeline=None, html=True, session_id=None, log_experiment=False, experiment_name=None, log_plots=False, log_profile=False, log_data=False, silent=False, verbose=True, profile=False, profile_kwargs=None, display=None)
2023-05-23 12:32:36,280:INFO:Checking environment
2023-05-23 12:32:36,280:INFO:python_version: 3.9.6
2023-05-23 12:32:36,280:INFO:python_build: ('tags/v3.9.6:db3ff76', 'Jun 28 2021 15:26:21')
2023-05-23 12:32:36,281:INFO:machine: AMD64
2023-05-23 12:32:36,281:INFO:platform: Windows-10-10.0.19045-SP0
2023-05-23 12:32:36,281:INFO:Memory: svmem(total=8477655040, available=2479570944, percent=70.8, used=5998084096, free=2479570944)
2023-05-23 12:32:36,281:INFO:Physical Core: 2
2023-05-23 12:32:36,281:INFO:Logical Core: 4
2023-05-23 12:32:36,281:INFO:Checking libraries
2023-05-23 12:32:36,281:INFO:pd==1.3.1
2023-05-23 12:32:36,282:INFO:numpy==1.22.4
2023-05-23 12:32:36,282:INFO:sklearn==1.1.2
2023-05-23 12:32:36,282:INFO:xgboost==1.6.2
2023-05-23 12:32:36,282:INFO:lightgbm==3.3.2
2023-05-23 12:32:36,282:INFO:catboost==1.0.6
2023-05-23 12:32:36,282:INFO:mlflow==1.28.0
2023-05-23 12:32:36,282:INFO:Checking Exceptions
2023-05-23 12:32:36,283:INFO:Declaring global variables
2023-05-23 12:32:36,283:INFO:USI: dc56
2023-05-23 12:32:36,283:INFO:pycaret_globals: {'_gpu_n_jobs_param', 'fold_groups_param', '_all_models', 'fold_generator', 'log_plots_param', '_internal_pipeline', 'USI', 'logging_param', 'data_before_preprocess', 'master_model_container', 'X', 'fix_imbalance_method_param', 'imputation_regressor', 'gpu_param', 'seed', 'pycaret_globals', 'create_model_container', 'exp_name_log', 'display_container', 'iterative_imputation_iters_param', 'y_train', 'fix_imbalance_param', 'X_train', 'prep_pipe', 'fold_shuffle_param', 'stratify_param', 'y_test', 'fold_param', 'transform_target_method_param', '_all_metrics', '_ml_usecase', 'imputation_classifier', 'y', 'transform_target_param', 'X_test', 'html_param', 'target_param', '_available_plots', 'n_jobs_param', 'experiment__', '_all_models_internal'}
2023-05-23 12:32:36,283:INFO:Preparing display monitor
2023-05-23 12:32:36,284:INFO:Preparing display monitor
2023-05-23 12:32:36,303:INFO:Importing libraries
2023-05-23 12:32:36,303:INFO:Copying data for preprocessing
2023-05-23 12:32:36,326:INFO:Declaring preprocessing parameters
2023-05-23 12:32:36,328:INFO:Creating preprocessing pipeline
2023-05-23 12:32:36,336:INFO:Preprocessing pipeline created successfully
2023-05-23 12:32:36,336:ERROR:(Process Exit): setup has been interupted with user command 'quit'. setup must rerun.
2023-05-23 12:32:36,337:INFO:Creating global containers
2023-05-23 12:32:36,392:INFO:Internal pipeline: Pipeline(memory=None, steps=[('empty_step', 'passthrough')], verbose=False)
2023-05-23 12:32:50,197:INFO:Creating grid variables
2023-05-23 12:32:50,226:INFO:create_model_container: 0
2023-05-23 12:32:50,226:INFO:master_model_container: 0
2023-05-23 12:32:50,226:INFO:display_container: 0
2023-05-23 12:33:50,782:INFO:PyCaret Supervised Module
2023-05-23 12:33:50,783:INFO:ML Usecase: classification
2023-05-23 12:33:50,783:INFO:version 2.2.2
2023-05-23 12:33:50,783:INFO:Initializing setup()
2023-05-23 12:33:50,783:INFO:setup(target=Drug, ml_usecase=classification, available_plots={'parameter': 'Hyperparameters', 'auc': 'AUC', 'confusion_matrix': 'Confusion Matrix', 'threshold': 'Threshold', 'pr': 'Precision Recall', 'error': 'Prediction Error', 'class_report': 'Class Report', 'rfe': 'Feature Selection', 'learning': 'Learning Curve', 'manifold': 'Manifold Learning', 'calibration': 'Calibration Curve', 'vc': 'Validation Curve', 'dimension': 'Dimensions', 'feature': 'Feature Importance', 'feature_all': 'Feature Importance (All)', 'boundary': 'Decision Boundary', 'lift': 'Lift Chart', 'gain': 'Gain Chart', 'tree': 'Decision Tree'}, train_size=0.7, test_data=None, preprocess=True, imputation_type=iterative, iterative_imputation_iters=5, categorical_features=None, categorical_imputation=constant, categorical_iterative_imputer=lightgbm, ordinal_features=None, high_cardinality_features=None, high_cardinality_method=frequency, numeric_features=None, numeric_imputation=mean, numeric_iterative_imputer=lightgbm, date_features=None, ignore_features=None, normalize=False, normalize_method=zscore, transformation=False, transformation_method=yeo-johnson, handle_unknown_categorical=True, unknown_categorical_method=least_frequent, pca=False, pca_method=linear, pca_components=None, ignore_low_variance=False, combine_rare_levels=False, rare_level_threshold=0.1, bin_numeric_features=None, remove_outliers=False, outliers_threshold=0.05, remove_multicollinearity=False, multicollinearity_threshold=0.9, remove_perfect_collinearity=True, create_clusters=False, cluster_iter=20, polynomial_features=False, polynomial_degree=2, trigonometry_features=False, polynomial_threshold=0.1, group_features=None, group_names=None, feature_selection=False, feature_selection_threshold=0.8, feature_selection_method=classic, feature_interaction=False, feature_ratio=False, interaction_threshold=0.01, fix_imbalance=False, fix_imbalance_method=None, transform_target=False, transform_target_method=box-cox, data_split_shuffle=True, data_split_stratify=False, fold_strategy=stratifiedkfold, fold=10, fold_shuffle=True, fold_groups=None, n_jobs=-1, use_gpu=False, custom_pipeline=None, html=True, session_id=None, log_experiment=False, experiment_name=None, log_plots=False, log_profile=False, log_data=False, silent=False, verbose=True, profile=False, profile_kwargs=None, display=None)
2023-05-23 12:33:50,783:INFO:Checking environment
2023-05-23 12:33:50,784:INFO:python_version: 3.9.6
2023-05-23 12:33:50,784:INFO:python_build: ('tags/v3.9.6:db3ff76', 'Jun 28 2021 15:26:21')
2023-05-23 12:33:50,784:INFO:machine: AMD64
2023-05-23 12:33:50,784:INFO:platform: Windows-10-10.0.19045-SP0
2023-05-23 12:33:50,784:INFO:Memory: svmem(total=8477655040, available=2563076096, percent=69.8, used=5914578944, free=2563076096)
2023-05-23 12:33:50,785:INFO:Physical Core: 2
2023-05-23 12:33:50,785:INFO:Logical Core: 4
2023-05-23 12:33:50,785:INFO:Checking libraries
2023-05-23 12:33:50,785:INFO:pd==1.3.1
2023-05-23 12:33:50,785:INFO:numpy==1.22.4
2023-05-23 12:33:50,785:INFO:sklearn==1.1.2
2023-05-23 12:33:50,785:INFO:xgboost==1.6.2
2023-05-23 12:33:50,785:INFO:lightgbm==3.3.2
2023-05-23 12:33:50,785:INFO:catboost==1.0.6
2023-05-23 12:33:50,786:INFO:mlflow==1.28.0
2023-05-23 12:33:50,786:INFO:Checking Exceptions
2023-05-23 12:33:50,786:INFO:Declaring global variables
2023-05-23 12:33:50,786:INFO:USI: dc5d
2023-05-23 12:33:50,786:INFO:pycaret_globals: {'_gpu_n_jobs_param', 'fold_groups_param', '_all_models', 'fold_generator', 'log_plots_param', '_internal_pipeline', 'USI', 'logging_param', 'data_before_preprocess', 'master_model_container', 'X', 'fix_imbalance_method_param', 'imputation_regressor', 'gpu_param', 'seed', 'pycaret_globals', 'create_model_container', 'exp_name_log', 'display_container', 'iterative_imputation_iters_param', 'y_train', 'fix_imbalance_param', 'X_train', 'prep_pipe', 'fold_shuffle_param', 'stratify_param', 'y_test', 'fold_param', 'transform_target_method_param', '_all_metrics', '_ml_usecase', 'imputation_classifier', 'y', 'transform_target_param', 'X_test', 'html_param', 'target_param', '_available_plots', 'n_jobs_param', 'experiment__', '_all_models_internal'}
2023-05-23 12:33:50,786:INFO:Preparing display monitor
2023-05-23 12:33:50,787:INFO:Preparing display monitor
2023-05-23 12:33:50,817:INFO:Importing libraries
2023-05-23 12:33:50,818:INFO:Copying data for preprocessing
2023-05-23 12:33:50,845:INFO:Declaring preprocessing parameters
2023-05-23 12:33:50,849:INFO:Setting up iterative imputation
2023-05-23 12:33:51,342:INFO:Creating preprocessing pipeline
2023-05-23 12:33:51,348:INFO:Preprocessing pipeline created successfully
2023-05-23 12:33:51,349:ERROR:(Process Exit): setup has been interupted with user command 'quit'. setup must rerun.
2023-05-23 12:33:51,349:INFO:Creating global containers
2023-05-23 12:33:51,349:INFO:Internal pipeline: Pipeline(memory=None, steps=[('empty_step', 'passthrough')], verbose=False)
2023-05-23 12:34:01,289:INFO:Creating grid variables
2023-05-23 12:34:01,305:INFO:create_model_container: 0
2023-05-23 12:34:01,305:INFO:master_model_container: 0
2023-05-23 12:34:01,305:INFO:display_container: 0
2023-05-23 12:35:48,164:INFO:PyCaret Supervised Module
2023-05-23 12:35:48,165:INFO:ML Usecase: classification
2023-05-23 12:35:48,165:INFO:version 2.2.2
2023-05-23 12:35:48,166:INFO:Initializing setup()
2023-05-23 12:35:48,166:INFO:setup(target=Drug, ml_usecase=classification, available_plots={'parameter': 'Hyperparameters', 'auc': 'AUC', 'confusion_matrix': 'Confusion Matrix', 'threshold': 'Threshold', 'pr': 'Precision Recall', 'error': 'Prediction Error', 'class_report': 'Class Report', 'rfe': 'Feature Selection', 'learning': 'Learning Curve', 'manifold': 'Manifold Learning', 'calibration': 'Calibration Curve', 'vc': 'Validation Curve', 'dimension': 'Dimensions', 'feature': 'Feature Importance', 'feature_all': 'Feature Importance (All)', 'boundary': 'Decision Boundary', 'lift': 'Lift Chart', 'gain': 'Gain Chart', 'tree': 'Decision Tree'}, train_size=0.7, test_data=None, preprocess=True, imputation_type=simple, iterative_imputation_iters=5, categorical_features=None, categorical_imputation=constant, categorical_iterative_imputer=lightgbm, ordinal_features=None, high_cardinality_features=None, high_cardinality_method=frequency, numeric_features=None, numeric_imputation=mean, numeric_iterative_imputer=lightgbm, date_features=None, ignore_features=None, normalize=False, normalize_method=zscore, transformation=False, transformation_method=yeo-johnson, handle_unknown_categorical=True, unknown_categorical_method=least_frequent, pca=False, pca_method=linear, pca_components=None, ignore_low_variance=False, combine_rare_levels=False, rare_level_threshold=0.1, bin_numeric_features=None, remove_outliers=False, outliers_threshold=0.05, remove_multicollinearity=False, multicollinearity_threshold=0.9, remove_perfect_collinearity=True, create_clusters=False, cluster_iter=20, polynomial_features=False, polynomial_degree=2, trigonometry_features=False, polynomial_threshold=0.1, group_features=None, group_names=None, feature_selection=False, feature_selection_threshold=0.8, feature_selection_method=classic, feature_interaction=False, feature_ratio=False, interaction_threshold=0.01, fix_imbalance=False, fix_imbalance_method=None, transform_target=False, transform_target_method=box-cox, data_split_shuffle=True, data_split_stratify=False, fold_strategy=stratifiedkfold, fold=10, fold_shuffle=True, fold_groups=None, n_jobs=-1, use_gpu=False, custom_pipeline=None, html=True, session_id=None, log_experiment=False, experiment_name=None, log_plots=False, log_profile=False, log_data=False, silent=False, verbose=True, profile=False, profile_kwargs=None, display=None)
2023-05-23 12:35:48,166:INFO:Checking environment
2023-05-23 12:35:48,167:INFO:python_version: 3.9.6
2023-05-23 12:35:48,167:INFO:python_build: ('tags/v3.9.6:db3ff76', 'Jun 28 2021 15:26:21')
2023-05-23 12:35:48,167:INFO:machine: AMD64
2023-05-23 12:35:48,167:INFO:platform: Windows-10-10.0.19045-SP0
2023-05-23 12:35:48,167:INFO:Memory: svmem(total=8477655040, available=2510176256, percent=70.4, used=5967478784, free=2510176256)
2023-05-23 12:35:48,167:INFO:Physical Core: 2
2023-05-23 12:35:48,168:INFO:Logical Core: 4
2023-05-23 12:35:48,168:INFO:Checking libraries
2023-05-23 12:35:48,168:INFO:pd==1.3.1
2023-05-23 12:35:48,168:INFO:numpy==1.22.4
2023-05-23 12:35:48,168:INFO:sklearn==1.1.2
2023-05-23 12:35:48,168:INFO:xgboost==1.6.2
2023-05-23 12:35:48,168:INFO:lightgbm==3.3.2
2023-05-23 12:35:48,168:INFO:catboost==1.0.6
2023-05-23 12:35:48,168:INFO:mlflow==1.28.0
2023-05-23 12:35:48,168:INFO:Checking Exceptions
2023-05-23 12:35:48,169:INFO:Declaring global variables
2023-05-23 12:35:48,169:INFO:USI: 13c9
2023-05-23 12:35:48,169:INFO:pycaret_globals: {'_gpu_n_jobs_param', 'fold_groups_param', '_all_models', 'fold_generator', 'log_plots_param', '_internal_pipeline', 'USI', 'logging_param', 'data_before_preprocess', 'master_model_container', 'X', 'fix_imbalance_method_param', 'imputation_regressor', 'gpu_param', 'seed', 'pycaret_globals', 'create_model_container', 'exp_name_log', 'display_container', 'iterative_imputation_iters_param', 'y_train', 'fix_imbalance_param', 'X_train', 'prep_pipe', 'fold_shuffle_param', 'stratify_param', 'y_test', 'fold_param', 'transform_target_method_param', '_all_metrics', '_ml_usecase', 'imputation_classifier', 'y', 'transform_target_param', 'X_test', 'html_param', 'target_param', '_available_plots', 'n_jobs_param', 'experiment__', '_all_models_internal'}
2023-05-23 12:35:48,169:INFO:Preparing display monitor
2023-05-23 12:35:48,169:INFO:Preparing display monitor
2023-05-23 12:35:48,197:INFO:Importing libraries
2023-05-23 12:35:48,198:INFO:Copying data for preprocessing
2023-05-23 12:35:48,211:INFO:Declaring preprocessing parameters
2023-05-23 12:35:48,214:INFO:Creating preprocessing pipeline
2023-05-23 12:35:48,220:INFO:Preprocessing pipeline created successfully
2023-05-23 12:35:48,220:ERROR:(Process Exit): setup has been interupted with user command 'quit'. setup must rerun.
2023-05-23 12:35:48,220:INFO:Creating global containers
2023-05-23 12:35:48,221:INFO:Internal pipeline: Pipeline(memory=None, steps=[('empty_step', 'passthrough')], verbose=False)
2023-05-23 12:36:15,572:INFO:Creating grid variables
2023-05-23 12:36:15,588:INFO:create_model_container: 0
2023-05-23 12:36:15,589:INFO:master_model_container: 0
2023-05-23 12:36:15,589:INFO:display_container: 0
2023-05-23 12:36:26,352:INFO:PyCaret Supervised Module
2023-05-23 12:36:26,353:INFO:ML Usecase: classification
2023-05-23 12:36:26,353:INFO:version 2.2.2
2023-05-23 12:36:26,353:INFO:Initializing setup()
2023-05-23 12:36:26,353:INFO:setup(target=Drug, ml_usecase=classification, available_plots={'parameter': 'Hyperparameters', 'auc': 'AUC', 'confusion_matrix': 'Confusion Matrix', 'threshold': 'Threshold', 'pr': 'Precision Recall', 'error': 'Prediction Error', 'class_report': 'Class Report', 'rfe': 'Feature Selection', 'learning': 'Learning Curve', 'manifold': 'Manifold Learning', 'calibration': 'Calibration Curve', 'vc': 'Validation Curve', 'dimension': 'Dimensions', 'feature': 'Feature Importance', 'feature_all': 'Feature Importance (All)', 'boundary': 'Decision Boundary', 'lift': 'Lift Chart', 'gain': 'Gain Chart', 'tree': 'Decision Tree'}, train_size=0.7, test_data=None, preprocess=True, imputation_type=simple, iterative_imputation_iters=5, categorical_features=None, categorical_imputation=constant, categorical_iterative_imputer=lightgbm, ordinal_features=None, high_cardinality_features=None, high_cardinality_method=frequency, numeric_features=None, numeric_imputation=mean, numeric_iterative_imputer=lightgbm, date_features=None, ignore_features=None, normalize=False, normalize_method=zscore, transformation=False, transformation_method=yeo-johnson, handle_unknown_categorical=True, unknown_categorical_method=least_frequent, pca=False, pca_method=linear, pca_components=None, ignore_low_variance=False, combine_rare_levels=False, rare_level_threshold=0.1, bin_numeric_features=None, remove_outliers=False, outliers_threshold=0.05, remove_multicollinearity=False, multicollinearity_threshold=0.9, remove_perfect_collinearity=True, create_clusters=False, cluster_iter=20, polynomial_features=False, polynomial_degree=2, trigonometry_features=False, polynomial_threshold=0.1, group_features=None, group_names=None, feature_selection=False, feature_selection_threshold=0.8, feature_selection_method=classic, feature_interaction=False, feature_ratio=False, interaction_threshold=0.01, fix_imbalance=False, fix_imbalance_method=None, transform_target=False, transform_target_method=box-cox, data_split_shuffle=True, data_split_stratify=False, fold_strategy=stratifiedkfold, fold=10, fold_shuffle=True, fold_groups=None, n_jobs=-1, use_gpu=False, custom_pipeline=None, html=True, session_id=None, log_experiment=False, experiment_name=None, log_plots=False, log_profile=False, log_data=False, silent=False, verbose=True, profile=False, profile_kwargs=None, display=None)
2023-05-23 12:36:26,353:INFO:Checking environment
2023-05-23 12:36:26,353:INFO:python_version: 3.9.6
2023-05-23 12:36:26,353:INFO:python_build: ('tags/v3.9.6:db3ff76', 'Jun 28 2021 15:26:21')
2023-05-23 12:36:26,353:INFO:machine: AMD64
2023-05-23 12:36:26,353:INFO:platform: Windows-10-10.0.19045-SP0
2023-05-23 12:36:26,354:INFO:Memory: svmem(total=8477655040, available=2521305088, percent=70.3, used=5956349952, free=2521305088)
2023-05-23 12:36:26,354:INFO:Physical Core: 2
2023-05-23 12:36:26,354:INFO:Logical Core: 4
2023-05-23 12:36:26,354:INFO:Checking libraries
2023-05-23 12:36:26,354:INFO:pd==1.3.1
2023-05-23 12:36:26,355:INFO:numpy==1.22.4
2023-05-23 12:36:26,355:INFO:sklearn==1.1.2
2023-05-23 12:36:26,355:INFO:xgboost==1.6.2
2023-05-23 12:36:26,355:INFO:lightgbm==3.3.2
2023-05-23 12:36:26,355:INFO:catboost==1.0.6
2023-05-23 12:36:26,355:INFO:mlflow==1.28.0
2023-05-23 12:36:26,355:INFO:Checking Exceptions
2023-05-23 12:36:26,356:INFO:Declaring global variables
2023-05-23 12:36:26,356:INFO:USI: d6f6
2023-05-23 12:36:26,356:INFO:pycaret_globals: {'_gpu_n_jobs_param', 'fold_groups_param', '_all_models', 'fold_generator', 'log_plots_param', '_internal_pipeline', 'USI', 'logging_param', 'data_before_preprocess', 'master_model_container', 'X', 'fix_imbalance_method_param', 'imputation_regressor', 'gpu_param', 'seed', 'pycaret_globals', 'create_model_container', 'exp_name_log', 'display_container', 'iterative_imputation_iters_param', 'y_train', 'fix_imbalance_param', 'X_train', 'prep_pipe', 'fold_shuffle_param', 'stratify_param', 'y_test', 'fold_param', 'transform_target_method_param', '_all_metrics', '_ml_usecase', 'imputation_classifier', 'y', 'transform_target_param', 'X_test', 'html_param', 'target_param', '_available_plots', 'n_jobs_param', 'experiment__', '_all_models_internal'}
2023-05-23 12:36:26,356:INFO:Preparing display monitor
2023-05-23 12:36:26,357:INFO:Preparing display monitor
2023-05-23 12:36:26,382:INFO:Importing libraries
2023-05-23 12:36:26,383:INFO:Copying data for preprocessing
2023-05-23 12:36:26,408:INFO:Declaring preprocessing parameters
2023-05-23 12:36:26,413:INFO:Creating preprocessing pipeline
2023-05-23 12:36:26,419:INFO:Preprocessing pipeline created successfully
2023-05-23 12:36:26,419:ERROR:(Process Exit): setup has been interupted with user command 'quit'. setup must rerun.
2023-05-23 12:36:26,420:INFO:Creating global containers
2023-05-23 12:36:26,420:INFO:Internal pipeline: Pipeline(memory=None, steps=[('empty_step', 'passthrough')], verbose=False)
2023-05-23 12:37:10,269:INFO:Creating grid variables
2023-05-23 12:37:10,287:INFO:create_model_container: 0
2023-05-23 12:37:10,287:INFO:master_model_container: 0
2023-05-23 12:37:10,287:INFO:display_container: 0
2023-05-23 12:38:20,133:INFO:PyCaret Supervised Module
2023-05-23 12:38:20,133:INFO:ML Usecase: classification
2023-05-23 12:38:20,134:INFO:version 2.2.2
2023-05-23 12:38:20,134:INFO:Initializing setup()
2023-05-23 12:38:20,134:INFO:setup(target=Drug, ml_usecase=classification, available_plots={'parameter': 'Hyperparameters', 'auc': 'AUC', 'confusion_matrix': 'Confusion Matrix', 'threshold': 'Threshold', 'pr': 'Precision Recall', 'error': 'Prediction Error', 'class_report': 'Class Report', 'rfe': 'Feature Selection', 'learning': 'Learning Curve', 'manifold': 'Manifold Learning', 'calibration': 'Calibration Curve', 'vc': 'Validation Curve', 'dimension': 'Dimensions', 'feature': 'Feature Importance', 'feature_all': 'Feature Importance (All)', 'boundary': 'Decision Boundary', 'lift': 'Lift Chart', 'gain': 'Gain Chart', 'tree': 'Decision Tree'}, train_size=0.7, test_data=None, preprocess=True, imputation_type=iterative, iterative_imputation_iters=5, categorical_features=None, categorical_imputation=constant, categorical_iterative_imputer=lightgbm, ordinal_features=None, high_cardinality_features=None, high_cardinality_method=frequency, numeric_features=None, numeric_imputation=mean, numeric_iterative_imputer=lightgbm, date_features=None, ignore_features=None, normalize=False, normalize_method=zscore, transformation=False, transformation_method=yeo-johnson, handle_unknown_categorical=True, unknown_categorical_method=least_frequent, pca=False, pca_method=linear, pca_components=None, ignore_low_variance=False, combine_rare_levels=False, rare_level_threshold=0.1, bin_numeric_features=None, remove_outliers=False, outliers_threshold=0.05, remove_multicollinearity=False, multicollinearity_threshold=0.9, remove_perfect_collinearity=True, create_clusters=False, cluster_iter=20, polynomial_features=False, polynomial_degree=2, trigonometry_features=False, polynomial_threshold=0.1, group_features=None, group_names=None, feature_selection=False, feature_selection_threshold=0.8, feature_selection_method=classic, feature_interaction=False, feature_ratio=False, interaction_threshold=0.01, fix_imbalance=False, fix_imbalance_method=None, transform_target=False, transform_target_method=box-cox, data_split_shuffle=True, data_split_stratify=False, fold_strategy=stratifiedkfold, fold=10, fold_shuffle=True, fold_groups=None, n_jobs=-1, use_gpu=False, custom_pipeline=None, html=True, session_id=None, log_experiment=False, experiment_name=None, log_plots=False, log_profile=False, log_data=False, silent=False, verbose=True, profile=False, profile_kwargs=None, display=None)
2023-05-23 12:38:20,134:INFO:Checking environment
2023-05-23 12:38:20,135:INFO:python_version: 3.9.6
2023-05-23 12:38:20,135:INFO:python_build: ('tags/v3.9.6:db3ff76', 'Jun 28 2021 15:26:21')
2023-05-23 12:38:20,135:INFO:machine: AMD64
2023-05-23 12:38:20,135:INFO:platform: Windows-10-10.0.19045-SP0
2023-05-23 12:38:20,136:INFO:Memory: svmem(total=8477655040, available=2500960256, percent=70.5, used=5976694784, free=2500960256)
2023-05-23 12:38:20,136:INFO:Physical Core: 2
2023-05-23 12:38:20,136:INFO:Logical Core: 4
2023-05-23 12:38:20,136:INFO:Checking libraries
2023-05-23 12:38:20,136:INFO:pd==1.3.1
2023-05-23 12:38:20,136:INFO:numpy==1.22.4
2023-05-23 12:38:20,136:INFO:sklearn==1.1.2
2023-05-23 12:38:20,136:INFO:xgboost==1.6.2
2023-05-23 12:38:20,136:INFO:lightgbm==3.3.2
2023-05-23 12:38:20,136:INFO:catboost==1.0.6
2023-05-23 12:38:20,136:INFO:mlflow==1.28.0
2023-05-23 12:38:20,136:INFO:Checking Exceptions
2023-05-23 12:38:20,137:INFO:Declaring global variables
2023-05-23 12:38:20,137:INFO:USI: 3ec7
2023-05-23 12:38:20,137:INFO:pycaret_globals: {'_gpu_n_jobs_param', 'fold_groups_param', '_all_models', 'fold_generator', 'log_plots_param', '_internal_pipeline', 'USI', 'logging_param', 'data_before_preprocess', 'master_model_container', 'X', 'fix_imbalance_method_param', 'imputation_regressor', 'gpu_param', 'seed', 'pycaret_globals', 'create_model_container', 'exp_name_log', 'display_container', 'iterative_imputation_iters_param', 'y_train', 'fix_imbalance_param', 'X_train', 'prep_pipe', 'fold_shuffle_param', 'stratify_param', 'y_test', 'fold_param', 'transform_target_method_param', '_all_metrics', '_ml_usecase', 'imputation_classifier', 'y', 'transform_target_param', 'X_test', 'html_param', 'target_param', '_available_plots', 'n_jobs_param', 'experiment__', '_all_models_internal'}
2023-05-23 12:38:20,137:INFO:Preparing display monitor
2023-05-23 12:38:20,138:INFO:Preparing display monitor
2023-05-23 12:38:20,165:INFO:Importing libraries
2023-05-23 12:38:20,166:INFO:Copying data for preprocessing
2023-05-23 12:38:20,185:INFO:Declaring preprocessing parameters
2023-05-23 12:38:20,187:INFO:Setting up iterative imputation
2023-05-23 12:38:20,566:INFO:Creating preprocessing pipeline
2023-05-23 12:38:20,569:INFO:Preprocessing pipeline created successfully
2023-05-23 12:38:20,569:ERROR:(Process Exit): setup has been interupted with user command 'quit'. setup must rerun.
2023-05-23 12:38:20,569:INFO:Creating global containers
2023-05-23 12:38:20,570:INFO:Internal pipeline: Pipeline(memory=None, steps=[('empty_step', 'passthrough')], verbose=False)
2023-05-23 12:38:21,791:INFO:Creating grid variables
2023-05-23 12:38:21,808:INFO:create_model_container: 0
2023-05-23 12:38:21,810:INFO:master_model_container: 0
2023-05-23 12:38:21,811:INFO:display_container: 0
2023-05-23 12:46:18,206:INFO:Initializing compare_models()
2023-05-23 12:46:18,206:INFO:compare_models(include=None, fold=None, round=4, cross_validation=True, sort=Accuracy, n_select=1, budget_time=None, turbo=True, errors=ignore, fit_kwargs=None, groups=None, verbose=True, display=None, exclude=None)
2023-05-23 12:46:18,207:INFO:Checking exceptions
2023-05-23 12:46:18,208:INFO:Preparing display monitor
2023-05-23 12:46:18,209:INFO:Preparing display monitor
2023-05-23 12:46:18,260:INFO:Initializing Logistic Regression
2023-05-23 12:46:18,260:INFO:Total runtime is 0.0 minutes
2023-05-23 12:46:18,282:INFO:SubProcess create_model() called ==================================
2023-05-23 12:46:18,283:INFO:Initializing create_model()
2023-05-23 12:46:18,283:INFO:create_model(estimator=lr, fold=StratifiedKFold(n_splits=10, random_state=3484, shuffle=True), round=4, cross_validation=True, predict=True, fit_kwargs={}, groups=None, refit=False, verbose=False, system=False, metrics=None, display=<pycaret.internal.Display.Display object at 0x0000024B5B292BE0>, kwargs={})
2023-05-23 12:46:18,284:INFO:Checking exceptions
2023-05-23 12:46:18,284:INFO:Importing libraries
2023-05-23 12:46:18,284:INFO:Copying training dataset
2023-05-23 12:46:18,286:INFO:Defining folds
2023-05-23 12:46:18,287:INFO:Declaring metric variables
2023-05-23 12:46:18,306:INFO:Importing untrained model
2023-05-23 12:46:18,333:INFO:Logistic Regression Imported succesfully
2023-05-23 12:46:18,372:INFO:Starting cross validation
2023-05-23 12:46:18,373:INFO:Cross validating with StratifiedKFold(n_splits=10, random_state=3484, shuffle=True), n_jobs=-1
2023-05-23 12:46:47,925:INFO:Calculating mean and std
2023-05-23 12:46:47,927:INFO:Creating metrics dataframe
2023-05-23 12:46:47,934:INFO:Uploading results into container
2023-05-23 12:46:47,934:INFO:Uploading model into container now
2023-05-23 12:46:47,935:INFO:create_model_container: 1
2023-05-23 12:46:47,935:INFO:master_model_container: 1
2023-05-23 12:46:47,935:INFO:display_container: 1
2023-05-23 12:46:47,936:INFO:LogisticRegression(C=1.0, class_weight=None, dual=False, fit_intercept=True,
                   intercept_scaling=1, l1_ratio=None, max_iter=1000,
                   multi_class='auto', n_jobs=None, penalty='l2',
                   random_state=3484, solver='lbfgs', tol=0.0001, verbose=0,
                   warm_start=False)
2023-05-23 12:46:47,936:INFO:create_model() succesfully completed......................................
2023-05-23 12:46:48,098:INFO:SubProcess create_model() end ==================================
2023-05-23 12:46:48,098:INFO:Creating metrics dataframe
2023-05-23 12:46:48,118:INFO:Initializing K Neighbors Classifier
2023-05-23 12:46:48,118:INFO:Total runtime is 0.4976377248764038 minutes
2023-05-23 12:46:48,134:INFO:SubProcess create_model() called ==================================
2023-05-23 12:46:48,136:INFO:Initializing create_model()
2023-05-23 12:46:48,136:INFO:create_model(estimator=knn, fold=StratifiedKFold(n_splits=10, random_state=3484, shuffle=True), round=4, cross_validation=True, predict=True, fit_kwargs={}, groups=None, refit=False, verbose=False, system=False, metrics=None, display=<pycaret.internal.Display.Display object at 0x0000024B5B292BE0>, kwargs={})
2023-05-23 12:46:48,136:INFO:Checking exceptions
2023-05-23 12:46:48,136:INFO:Importing libraries
2023-05-23 12:46:48,136:INFO:Copying training dataset
2023-05-23 12:46:48,137:INFO:Defining folds
2023-05-23 12:46:48,138:INFO:Declaring metric variables
2023-05-23 12:46:48,153:INFO:Importing untrained model
2023-05-23 12:46:48,172:INFO:K Neighbors Classifier Imported succesfully
2023-05-23 12:46:48,217:INFO:Starting cross validation
2023-05-23 12:46:48,218:INFO:Cross validating with StratifiedKFold(n_splits=10, random_state=3484, shuffle=True), n_jobs=-1
2023-05-23 12:46:48,535:INFO:Calculating mean and std
2023-05-23 12:46:48,536:INFO:Creating metrics dataframe
2023-05-23 12:46:48,541:INFO:Uploading results into container
2023-05-23 12:46:48,542:INFO:Uploading model into container now
2023-05-23 12:46:48,542:INFO:create_model_container: 2
2023-05-23 12:46:48,542:INFO:master_model_container: 2
2023-05-23 12:46:48,543:INFO:display_container: 1
2023-05-23 12:46:48,543:INFO:KNeighborsClassifier(algorithm='auto', leaf_size=30, metric='minkowski',
                     metric_params=None, n_jobs=-1, n_neighbors=5, p=2,
                     weights='uniform')
2023-05-23 12:46:48,543:INFO:create_model() succesfully completed......................................
2023-05-23 12:46:48,652:INFO:SubProcess create_model() end ==================================
2023-05-23 12:46:48,652:INFO:Creating metrics dataframe
2023-05-23 12:46:48,674:INFO:Initializing Naive Bayes
2023-05-23 12:46:48,674:INFO:Total runtime is 0.5069006204605102 minutes
2023-05-23 12:46:48,689:INFO:SubProcess create_model() called ==================================
2023-05-23 12:46:48,690:INFO:Initializing create_model()
2023-05-23 12:46:48,690:INFO:create_model(estimator=nb, fold=StratifiedKFold(n_splits=10, random_state=3484, shuffle=True), round=4, cross_validation=True, predict=True, fit_kwargs={}, groups=None, refit=False, verbose=False, system=False, metrics=None, display=<pycaret.internal.Display.Display object at 0x0000024B5B292BE0>, kwargs={})
2023-05-23 12:46:48,690:INFO:Checking exceptions
2023-05-23 12:46:48,690:INFO:Importing libraries
2023-05-23 12:46:48,690:INFO:Copying training dataset
2023-05-23 12:46:48,692:INFO:Defining folds
2023-05-23 12:46:48,692:INFO:Declaring metric variables
2023-05-23 12:46:48,709:INFO:Importing untrained model
2023-05-23 12:46:48,729:INFO:Naive Bayes Imported succesfully
2023-05-23 12:46:48,779:INFO:Starting cross validation
2023-05-23 12:46:48,780:INFO:Cross validating with StratifiedKFold(n_splits=10, random_state=3484, shuffle=True), n_jobs=-1
2023-05-23 12:46:48,957:INFO:Calculating mean and std
2023-05-23 12:46:48,959:INFO:Creating metrics dataframe
2023-05-23 12:46:48,974:INFO:Uploading results into container
2023-05-23 12:46:48,975:INFO:Uploading model into container now
2023-05-23 12:46:48,975:INFO:create_model_container: 3
2023-05-23 12:46:48,975:INFO:master_model_container: 3
2023-05-23 12:46:48,975:INFO:display_container: 1
2023-05-23 12:46:48,975:INFO:GaussianNB(priors=None, var_smoothing=1e-09)
2023-05-23 12:46:48,976:INFO:create_model() succesfully completed......................................
2023-05-23 12:46:49,099:INFO:SubProcess create_model() end ==================================
2023-05-23 12:46:49,099:INFO:Creating metrics dataframe
2023-05-23 12:46:49,120:INFO:Initializing Decision Tree Classifier
2023-05-23 12:46:49,121:INFO:Total runtime is 0.5143491983413696 minutes
2023-05-23 12:46:49,134:INFO:SubProcess create_model() called ==================================
2023-05-23 12:46:49,135:INFO:Initializing create_model()
2023-05-23 12:46:49,135:INFO:create_model(estimator=dt, fold=StratifiedKFold(n_splits=10, random_state=3484, shuffle=True), round=4, cross_validation=True, predict=True, fit_kwargs={}, groups=None, refit=False, verbose=False, system=False, metrics=None, display=<pycaret.internal.Display.Display object at 0x0000024B5B292BE0>, kwargs={})
2023-05-23 12:46:49,136:INFO:Checking exceptions
2023-05-23 12:46:49,136:INFO:Importing libraries
2023-05-23 12:46:49,136:INFO:Copying training dataset
2023-05-23 12:46:49,138:INFO:Defining folds
2023-05-23 12:46:49,138:INFO:Declaring metric variables
2023-05-23 12:46:49,159:INFO:Importing untrained model
2023-05-23 12:46:49,180:INFO:Decision Tree Classifier Imported succesfully
2023-05-23 12:46:49,226:INFO:Starting cross validation
2023-05-23 12:46:49,228:INFO:Cross validating with StratifiedKFold(n_splits=10, random_state=3484, shuffle=True), n_jobs=-1
2023-05-23 12:46:49,436:INFO:Calculating mean and std
2023-05-23 12:46:49,438:INFO:Creating metrics dataframe
2023-05-23 12:46:49,442:INFO:Uploading results into container
2023-05-23 12:46:49,442:INFO:Uploading model into container now
2023-05-23 12:46:49,443:INFO:create_model_container: 4
2023-05-23 12:46:49,443:INFO:master_model_container: 4
2023-05-23 12:46:49,443:INFO:display_container: 1
2023-05-23 12:46:49,444:INFO:DecisionTreeClassifier(ccp_alpha=0.0, class_weight=None, criterion='gini',
                       max_depth=None, max_features=None, max_leaf_nodes=None,
                       min_impurity_decrease=0.0, min_samples_leaf=1,
                       min_samples_split=2, min_weight_fraction_leaf=0.0,
                       random_state=3484, splitter='best')
2023-05-23 12:46:49,446:INFO:create_model() succesfully completed......................................
2023-05-23 12:46:49,546:INFO:SubProcess create_model() end ==================================
2023-05-23 12:46:49,546:INFO:Creating metrics dataframe
2023-05-23 12:46:49,567:INFO:Initializing SVM - Linear Kernel
2023-05-23 12:46:49,567:INFO:Total runtime is 0.5217933376630147 minutes
2023-05-23 12:46:49,581:INFO:SubProcess create_model() called ==================================
2023-05-23 12:46:49,582:INFO:Initializing create_model()
2023-05-23 12:46:49,582:INFO:create_model(estimator=svm, fold=StratifiedKFold(n_splits=10, random_state=3484, shuffle=True), round=4, cross_validation=True, predict=True, fit_kwargs={}, groups=None, refit=False, verbose=False, system=False, metrics=None, display=<pycaret.internal.Display.Display object at 0x0000024B5B292BE0>, kwargs={})
2023-05-23 12:46:49,582:INFO:Checking exceptions
2023-05-23 12:46:49,582:INFO:Importing libraries
2023-05-23 12:46:49,583:INFO:Copying training dataset
2023-05-23 12:46:49,584:INFO:Defining folds
2023-05-23 12:46:49,584:INFO:Declaring metric variables
2023-05-23 12:46:49,599:INFO:Importing untrained model
2023-05-23 12:46:49,625:INFO:SVM - Linear Kernel Imported succesfully
2023-05-23 12:46:49,673:INFO:Starting cross validation
2023-05-23 12:46:49,674:INFO:Cross validating with StratifiedKFold(n_splits=10, random_state=3484, shuffle=True), n_jobs=-1
2023-05-23 12:46:49,891:INFO:Calculating mean and std
2023-05-23 12:46:49,892:INFO:Creating metrics dataframe
2023-05-23 12:46:49,899:INFO:Uploading results into container
2023-05-23 12:46:49,899:INFO:Uploading model into container now
2023-05-23 12:46:49,899:INFO:create_model_container: 5
2023-05-23 12:46:49,900:INFO:master_model_container: 5
2023-05-23 12:46:49,900:INFO:display_container: 1
2023-05-23 12:46:49,900:INFO:SGDClassifier(alpha=0.0001, average=False, class_weight=None,
              early_stopping=False, epsilon=0.1, eta0=0.001, fit_intercept=True,
              l1_ratio=0.15, learning_rate='optimal', loss='hinge',
              max_iter=1000, n_iter_no_change=5, n_jobs=-1, penalty='l2',
              power_t=0.5, random_state=3484, shuffle=True, tol=0.001,
              validation_fraction=0.1, verbose=0, warm_start=False)
2023-05-23 12:46:49,901:INFO:create_model() succesfully completed......................................
2023-05-23 12:46:50,004:INFO:SubProcess create_model() end ==================================
2023-05-23 12:46:50,005:INFO:Creating metrics dataframe
2023-05-23 12:46:50,032:INFO:Initializing Ridge Classifier
2023-05-23 12:46:50,033:INFO:Total runtime is 0.5295529127120971 minutes
2023-05-23 12:46:50,056:INFO:SubProcess create_model() called ==================================
2023-05-23 12:46:50,057:INFO:Initializing create_model()
2023-05-23 12:46:50,057:INFO:create_model(estimator=ridge, fold=StratifiedKFold(n_splits=10, random_state=3484, shuffle=True), round=4, cross_validation=True, predict=True, fit_kwargs={}, groups=None, refit=False, verbose=False, system=False, metrics=None, display=<pycaret.internal.Display.Display object at 0x0000024B5B292BE0>, kwargs={})
2023-05-23 12:46:50,058:INFO:Checking exceptions
2023-05-23 12:46:50,058:INFO:Importing libraries
2023-05-23 12:46:50,058:INFO:Copying training dataset
2023-05-23 12:46:50,060:INFO:Defining folds
2023-05-23 12:46:50,060:INFO:Declaring metric variables
2023-05-23 12:46:50,084:INFO:Importing untrained model
2023-05-23 12:46:50,108:INFO:Ridge Classifier Imported succesfully
2023-05-23 12:46:50,157:INFO:Starting cross validation
2023-05-23 12:46:50,158:INFO:Cross validating with StratifiedKFold(n_splits=10, random_state=3484, shuffle=True), n_jobs=-1
2023-05-23 12:46:50,446:INFO:Calculating mean and std
2023-05-23 12:46:50,450:INFO:Creating metrics dataframe
2023-05-23 12:46:50,455:INFO:Uploading results into container
2023-05-23 12:46:50,455:INFO:Uploading model into container now
2023-05-23 12:46:50,455:INFO:create_model_container: 6
2023-05-23 12:46:50,456:INFO:master_model_container: 6
2023-05-23 12:46:50,456:INFO:display_container: 1
2023-05-23 12:46:50,456:INFO:RidgeClassifier(alpha=1.0, class_weight=None, copy_X=True, fit_intercept=True,
                max_iter=None, normalize='deprecated', positive=False,
                random_state=3484, solver='auto', tol=0.001)
2023-05-23 12:46:50,456:INFO:create_model() succesfully completed......................................
2023-05-23 12:46:50,590:INFO:SubProcess create_model() end ==================================
2023-05-23 12:46:50,591:INFO:Creating metrics dataframe
2023-05-23 12:46:50,621:INFO:Initializing Random Forest Classifier
2023-05-23 12:46:50,622:INFO:Total runtime is 0.5393688639005025 minutes
2023-05-23 12:46:50,638:INFO:SubProcess create_model() called ==================================
2023-05-23 12:46:50,639:INFO:Initializing create_model()
2023-05-23 12:46:50,639:INFO:create_model(estimator=rf, fold=StratifiedKFold(n_splits=10, random_state=3484, shuffle=True), round=4, cross_validation=True, predict=True, fit_kwargs={}, groups=None, refit=False, verbose=False, system=False, metrics=None, display=<pycaret.internal.Display.Display object at 0x0000024B5B292BE0>, kwargs={})
2023-05-23 12:46:50,639:INFO:Checking exceptions
2023-05-23 12:46:50,640:INFO:Importing libraries
2023-05-23 12:46:50,640:INFO:Copying training dataset
2023-05-23 12:46:50,642:INFO:Defining folds
2023-05-23 12:46:50,642:INFO:Declaring metric variables
2023-05-23 12:46:50,659:INFO:Importing untrained model
2023-05-23 12:46:50,677:INFO:Random Forest Classifier Imported succesfully
2023-05-23 12:46:50,726:INFO:Starting cross validation
2023-05-23 12:46:50,727:INFO:Cross validating with StratifiedKFold(n_splits=10, random_state=3484, shuffle=True), n_jobs=-1
2023-05-23 12:46:52,488:INFO:Calculating mean and std
2023-05-23 12:46:52,489:INFO:Creating metrics dataframe
2023-05-23 12:46:52,496:INFO:Uploading results into container
2023-05-23 12:46:52,496:INFO:Uploading model into container now
2023-05-23 12:46:52,497:INFO:create_model_container: 7
2023-05-23 12:46:52,497:INFO:master_model_container: 7
2023-05-23 12:46:52,497:INFO:display_container: 1
2023-05-23 12:46:52,498:INFO:RandomForestClassifier(bootstrap=True, ccp_alpha=0.0, class_weight=None,
                       criterion='gini', max_depth=None, max_features='sqrt',
                       max_leaf_nodes=None, max_samples=None,
                       min_impurity_decrease=0.0, min_samples_leaf=1,
                       min_samples_split=2, min_weight_fraction_leaf=0.0,
                       n_estimators=100, n_jobs=-1, oob_score=False,
                       random_state=3484, verbose=0, warm_start=False)
2023-05-23 12:46:52,498:INFO:create_model() succesfully completed......................................
2023-05-23 12:46:52,604:INFO:SubProcess create_model() end ==================================
2023-05-23 12:46:52,604:INFO:Creating metrics dataframe
2023-05-23 12:46:52,625:INFO:Initializing Quadratic Discriminant Analysis
2023-05-23 12:46:52,625:INFO:Total runtime is 0.5727629979451497 minutes
2023-05-23 12:46:52,639:INFO:SubProcess create_model() called ==================================
2023-05-23 12:46:52,640:INFO:Initializing create_model()
2023-05-23 12:46:52,640:INFO:create_model(estimator=qda, fold=StratifiedKFold(n_splits=10, random_state=3484, shuffle=True), round=4, cross_validation=True, predict=True, fit_kwargs={}, groups=None, refit=False, verbose=False, system=False, metrics=None, display=<pycaret.internal.Display.Display object at 0x0000024B5B292BE0>, kwargs={})
2023-05-23 12:46:52,641:INFO:Checking exceptions
2023-05-23 12:46:52,641:INFO:Importing libraries
2023-05-23 12:46:52,641:INFO:Copying training dataset
2023-05-23 12:46:52,643:INFO:Defining folds
2023-05-23 12:46:52,644:INFO:Declaring metric variables
2023-05-23 12:46:52,657:INFO:Importing untrained model
2023-05-23 12:46:52,677:INFO:Quadratic Discriminant Analysis Imported succesfully
2023-05-23 12:46:52,720:INFO:Starting cross validation
2023-05-23 12:46:52,721:INFO:Cross validating with StratifiedKFold(n_splits=10, random_state=3484, shuffle=True), n_jobs=-1
2023-05-23 12:46:52,943:INFO:Calculating mean and std
2023-05-23 12:46:52,944:INFO:Creating metrics dataframe
2023-05-23 12:46:52,950:INFO:Uploading results into container
2023-05-23 12:46:52,951:INFO:Uploading model into container now
2023-05-23 12:46:52,951:INFO:create_model_container: 8
2023-05-23 12:46:52,951:INFO:master_model_container: 8
2023-05-23 12:46:52,951:INFO:display_container: 1
2023-05-23 12:46:52,952:INFO:QuadraticDiscriminantAnalysis(priors=None, reg_param=0.0,
                              store_covariance=False, tol=0.0001)
2023-05-23 12:46:52,952:INFO:create_model() succesfully completed......................................
2023-05-23 12:46:53,055:INFO:SubProcess create_model() end ==================================
2023-05-23 12:46:53,055:INFO:Creating metrics dataframe
2023-05-23 12:46:53,091:INFO:Initializing Ada Boost Classifier
2023-05-23 12:46:53,091:INFO:Total runtime is 0.5805198033650716 minutes
2023-05-23 12:46:53,105:INFO:SubProcess create_model() called ==================================
2023-05-23 12:46:53,106:INFO:Initializing create_model()
2023-05-23 12:46:53,106:INFO:create_model(estimator=ada, fold=StratifiedKFold(n_splits=10, random_state=3484, shuffle=True), round=4, cross_validation=True, predict=True, fit_kwargs={}, groups=None, refit=False, verbose=False, system=False, metrics=None, display=<pycaret.internal.Display.Display object at 0x0000024B5B292BE0>, kwargs={})
2023-05-23 12:46:53,106:INFO:Checking exceptions
2023-05-23 12:46:53,106:INFO:Importing libraries
2023-05-23 12:46:53,106:INFO:Copying training dataset
2023-05-23 12:46:53,107:INFO:Defining folds
2023-05-23 12:46:53,107:INFO:Declaring metric variables
2023-05-23 12:46:53,120:INFO:Importing untrained model
2023-05-23 12:46:53,136:INFO:Ada Boost Classifier Imported succesfully
2023-05-23 12:46:53,176:INFO:Starting cross validation
2023-05-23 12:46:53,177:INFO:Cross validating with StratifiedKFold(n_splits=10, random_state=3484, shuffle=True), n_jobs=-1
2023-05-23 12:46:53,813:INFO:Calculating mean and std
2023-05-23 12:46:53,814:INFO:Creating metrics dataframe
2023-05-23 12:46:53,819:INFO:Uploading results into container
2023-05-23 12:46:53,819:INFO:Uploading model into container now
2023-05-23 12:46:53,819:INFO:create_model_container: 9
2023-05-23 12:46:53,820:INFO:master_model_container: 9
2023-05-23 12:46:53,820:INFO:display_container: 1
2023-05-23 12:46:53,820:INFO:AdaBoostClassifier(algorithm='SAMME.R', base_estimator=None, learning_rate=1.0,
                   n_estimators=50, random_state=3484)
2023-05-23 12:46:53,821:INFO:create_model() succesfully completed......................................
2023-05-23 12:46:53,922:INFO:SubProcess create_model() end ==================================
2023-05-23 12:46:53,922:INFO:Creating metrics dataframe
2023-05-23 12:46:53,948:INFO:Initializing Gradient Boosting Classifier
2023-05-23 12:46:53,949:INFO:Total runtime is 0.5948201576868692 minutes
2023-05-23 12:46:53,964:INFO:SubProcess create_model() called ==================================
2023-05-23 12:46:53,964:INFO:Initializing create_model()
2023-05-23 12:46:53,964:INFO:create_model(estimator=gbc, fold=StratifiedKFold(n_splits=10, random_state=3484, shuffle=True), round=4, cross_validation=True, predict=True, fit_kwargs={}, groups=None, refit=False, verbose=False, system=False, metrics=None, display=<pycaret.internal.Display.Display object at 0x0000024B5B292BE0>, kwargs={})
2023-05-23 12:46:53,964:INFO:Checking exceptions
2023-05-23 12:46:53,965:INFO:Importing libraries
2023-05-23 12:46:53,965:INFO:Copying training dataset
2023-05-23 12:46:53,966:INFO:Defining folds
2023-05-23 12:46:53,966:INFO:Declaring metric variables
2023-05-23 12:46:53,983:INFO:Importing untrained model
2023-05-23 12:46:54,001:INFO:Gradient Boosting Classifier Imported succesfully
2023-05-23 12:46:54,049:INFO:Starting cross validation
2023-05-23 12:46:54,050:INFO:Cross validating with StratifiedKFold(n_splits=10, random_state=3484, shuffle=True), n_jobs=-1
2023-05-23 12:46:56,296:INFO:Calculating mean and std
2023-05-23 12:46:56,298:INFO:Creating metrics dataframe
2023-05-23 12:46:56,306:INFO:Uploading results into container
2023-05-23 12:46:56,306:INFO:Uploading model into container now
2023-05-23 12:46:56,306:INFO:create_model_container: 10
2023-05-23 12:46:56,307:INFO:master_model_container: 10
2023-05-23 12:46:56,307:INFO:display_container: 1
2023-05-23 12:46:56,308:INFO:GradientBoostingClassifier(ccp_alpha=0.0, criterion='friedman_mse', init=None,
                           learning_rate=0.1, loss='log_loss', max_depth=3,
                           max_features=None, max_leaf_nodes=None,
                           min_impurity_decrease=0.0, min_samples_leaf=1,
                           min_samples_split=2, min_weight_fraction_leaf=0.0,
                           n_estimators=100, n_iter_no_change=None,
                           random_state=3484, subsample=1.0, tol=0.0001,
                           validation_fraction=0.1, verbose=0,
                           warm_start=False)
2023-05-23 12:46:56,309:INFO:create_model() succesfully completed......................................
2023-05-23 12:46:56,423:INFO:SubProcess create_model() end ==================================
2023-05-23 12:46:56,423:INFO:Creating metrics dataframe
2023-05-23 12:46:56,450:INFO:Initializing Linear Discriminant Analysis
2023-05-23 12:46:56,450:INFO:Total runtime is 0.6365057508150735 minutes
2023-05-23 12:46:56,464:INFO:SubProcess create_model() called ==================================
2023-05-23 12:46:56,465:INFO:Initializing create_model()
2023-05-23 12:46:56,466:INFO:create_model(estimator=lda, fold=StratifiedKFold(n_splits=10, random_state=3484, shuffle=True), round=4, cross_validation=True, predict=True, fit_kwargs={}, groups=None, refit=False, verbose=False, system=False, metrics=None, display=<pycaret.internal.Display.Display object at 0x0000024B5B292BE0>, kwargs={})
2023-05-23 12:46:56,466:INFO:Checking exceptions
2023-05-23 12:46:56,466:INFO:Importing libraries
2023-05-23 12:46:56,466:INFO:Copying training dataset
2023-05-23 12:46:56,468:INFO:Defining folds
2023-05-23 12:46:56,469:INFO:Declaring metric variables
2023-05-23 12:46:56,481:INFO:Importing untrained model
2023-05-23 12:46:56,499:INFO:Linear Discriminant Analysis Imported succesfully
2023-05-23 12:46:56,547:INFO:Starting cross validation
2023-05-23 12:46:56,548:INFO:Cross validating with StratifiedKFold(n_splits=10, random_state=3484, shuffle=True), n_jobs=-1
2023-05-23 12:46:56,789:INFO:Calculating mean and std
2023-05-23 12:46:56,791:INFO:Creating metrics dataframe
2023-05-23 12:46:56,799:INFO:Uploading results into container
2023-05-23 12:46:56,800:INFO:Uploading model into container now
2023-05-23 12:46:56,800:INFO:create_model_container: 11
2023-05-23 12:46:56,800:INFO:master_model_container: 11
2023-05-23 12:46:56,801:INFO:display_container: 1
2023-05-23 12:46:56,801:INFO:LinearDiscriminantAnalysis(covariance_estimator=None, n_components=None,
                           priors=None, shrinkage=None, solver='svd',
                           store_covariance=False, tol=0.0001)
2023-05-23 12:46:56,802:INFO:create_model() succesfully completed......................................
2023-05-23 12:46:56,916:INFO:SubProcess create_model() end ==================================
2023-05-23 12:46:56,916:INFO:Creating metrics dataframe
2023-05-23 12:46:56,939:INFO:Initializing Extra Trees Classifier
2023-05-23 12:46:56,940:INFO:Total runtime is 0.6446778694788614 minutes
2023-05-23 12:46:56,953:INFO:SubProcess create_model() called ==================================
2023-05-23 12:46:56,954:INFO:Initializing create_model()
2023-05-23 12:46:56,954:INFO:create_model(estimator=et, fold=StratifiedKFold(n_splits=10, random_state=3484, shuffle=True), round=4, cross_validation=True, predict=True, fit_kwargs={}, groups=None, refit=False, verbose=False, system=False, metrics=None, display=<pycaret.internal.Display.Display object at 0x0000024B5B292BE0>, kwargs={})
2023-05-23 12:46:56,955:INFO:Checking exceptions
2023-05-23 12:46:56,955:INFO:Importing libraries
2023-05-23 12:46:56,955:INFO:Copying training dataset
2023-05-23 12:46:56,957:INFO:Defining folds
2023-05-23 12:46:56,957:INFO:Declaring metric variables
2023-05-23 12:46:56,975:INFO:Importing untrained model
2023-05-23 12:46:56,991:INFO:Extra Trees Classifier Imported succesfully
2023-05-23 12:46:57,033:INFO:Starting cross validation
2023-05-23 12:46:57,034:INFO:Cross validating with StratifiedKFold(n_splits=10, random_state=3484, shuffle=True), n_jobs=-1
2023-05-23 12:46:58,621:INFO:Calculating mean and std
2023-05-23 12:46:58,622:INFO:Creating metrics dataframe
2023-05-23 12:46:58,627:INFO:Uploading results into container
2023-05-23 12:46:58,627:INFO:Uploading model into container now
2023-05-23 12:46:58,629:INFO:create_model_container: 12
2023-05-23 12:46:58,629:INFO:master_model_container: 12
2023-05-23 12:46:58,629:INFO:display_container: 1
2023-05-23 12:46:58,630:INFO:ExtraTreesClassifier(bootstrap=False, ccp_alpha=0.0, class_weight=None,
                     criterion='gini', max_depth=None, max_features='sqrt',
                     max_leaf_nodes=None, max_samples=None,
                     min_impurity_decrease=0.0, min_samples_leaf=1,
                     min_samples_split=2, min_weight_fraction_leaf=0.0,
                     n_estimators=100, n_jobs=-1, oob_score=False,
                     random_state=3484, verbose=0, warm_start=False)
2023-05-23 12:46:58,630:INFO:create_model() succesfully completed......................................
2023-05-23 12:46:58,733:INFO:SubProcess create_model() end ==================================
2023-05-23 12:46:58,733:INFO:Creating metrics dataframe
2023-05-23 12:46:58,758:INFO:Initializing Extreme Gradient Boosting
2023-05-23 12:46:58,758:INFO:Total runtime is 0.6749735871950785 minutes
2023-05-23 12:46:58,773:INFO:SubProcess create_model() called ==================================
2023-05-23 12:46:58,773:INFO:Initializing create_model()
2023-05-23 12:46:58,774:INFO:create_model(estimator=xgboost, fold=StratifiedKFold(n_splits=10, random_state=3484, shuffle=True), round=4, cross_validation=True, predict=True, fit_kwargs={}, groups=None, refit=False, verbose=False, system=False, metrics=None, display=<pycaret.internal.Display.Display object at 0x0000024B5B292BE0>, kwargs={})
2023-05-23 12:46:58,774:INFO:Checking exceptions
2023-05-23 12:46:58,774:INFO:Importing libraries
2023-05-23 12:46:58,775:INFO:Copying training dataset
2023-05-23 12:46:58,776:INFO:Defining folds
2023-05-23 12:46:58,777:INFO:Declaring metric variables
2023-05-23 12:46:58,793:INFO:Importing untrained model
2023-05-23 12:46:58,810:INFO:Extreme Gradient Boosting Imported succesfully
2023-05-23 12:46:58,869:INFO:Starting cross validation
2023-05-23 12:46:58,872:INFO:Cross validating with StratifiedKFold(n_splits=10, random_state=3484, shuffle=True), n_jobs=-1
2023-05-23 12:47:02,092:INFO:Calculating mean and std
2023-05-23 12:47:02,094:INFO:Creating metrics dataframe
2023-05-23 12:47:02,100:INFO:Uploading results into container
2023-05-23 12:47:02,100:INFO:Uploading model into container now
2023-05-23 12:47:02,100:INFO:create_model_container: 13
2023-05-23 12:47:02,101:INFO:master_model_container: 13
2023-05-23 12:47:02,101:INFO:display_container: 1
2023-05-23 12:47:02,103:INFO:XGBClassifier(base_score=None, booster='gbtree', callbacks=None,
              colsample_bylevel=None, colsample_bynode=None,
              colsample_bytree=None, early_stopping_rounds=None,
              enable_categorical=False, eval_metric=None, gamma=None,
              gpu_id=None, grow_policy=None, importance_type=None,
              interaction_constraints=None, learning_rate=None, max_bin=None,
              max_cat_to_onehot=None, max_delta_step=None, max_depth=None,
              max_leaves=None, min_child_weight=None, missing=nan,
              monotone_constraints=None, n_estimators=100, n_jobs=-1,
              num_parallel_tree=None, objective='binary:logistic',
              predictor=None, random_state=3484, reg_alpha=None, ...)
2023-05-23 12:47:02,103:INFO:create_model() succesfully completed......................................
2023-05-23 12:47:02,209:INFO:SubProcess create_model() end ==================================
2023-05-23 12:47:02,210:INFO:Creating metrics dataframe
2023-05-23 12:47:02,234:INFO:Initializing Light Gradient Boosting Machine
2023-05-23 12:47:02,235:INFO:Total runtime is 0.7329267819722494 minutes
2023-05-23 12:47:02,249:INFO:SubProcess create_model() called ==================================
2023-05-23 12:47:02,249:INFO:Initializing create_model()
2023-05-23 12:47:02,250:INFO:create_model(estimator=lightgbm, fold=StratifiedKFold(n_splits=10, random_state=3484, shuffle=True), round=4, cross_validation=True, predict=True, fit_kwargs={}, groups=None, refit=False, verbose=False, system=False, metrics=None, display=<pycaret.internal.Display.Display object at 0x0000024B5B292BE0>, kwargs={})
2023-05-23 12:47:02,250:INFO:Checking exceptions
2023-05-23 12:47:02,250:INFO:Importing libraries
2023-05-23 12:47:02,250:INFO:Copying training dataset
2023-05-23 12:47:02,252:INFO:Defining folds
2023-05-23 12:47:02,252:INFO:Declaring metric variables
2023-05-23 12:47:02,267:INFO:Importing untrained model
2023-05-23 12:47:02,284:INFO:Light Gradient Boosting Machine Imported succesfully
2023-05-23 12:47:02,331:INFO:Starting cross validation
2023-05-23 12:47:02,332:INFO:Cross validating with StratifiedKFold(n_splits=10, random_state=3484, shuffle=True), n_jobs=-1
2023-05-23 12:47:02,864:INFO:Calculating mean and std
2023-05-23 12:47:02,865:INFO:Creating metrics dataframe
2023-05-23 12:47:02,870:INFO:Uploading results into container
2023-05-23 12:47:02,870:INFO:Uploading model into container now
2023-05-23 12:47:02,870:INFO:create_model_container: 14
2023-05-23 12:47:02,870:INFO:master_model_container: 14
2023-05-23 12:47:02,871:INFO:display_container: 1
2023-05-23 12:47:02,871:INFO:LGBMClassifier(boosting_type='gbdt', class_weight=None, colsample_bytree=1.0,
               importance_type='split', learning_rate=0.1, max_depth=-1,
               min_child_samples=20, min_child_weight=0.001, min_split_gain=0.0,
               n_estimators=100, n_jobs=-1, num_leaves=31, objective=None,
               random_state=3484, reg_alpha=0.0, reg_lambda=0.0, silent='warn',
               subsample=1.0, subsample_for_bin=200000, subsample_freq=0)
2023-05-23 12:47:02,871:INFO:create_model() succesfully completed......................................
2023-05-23 12:47:02,973:INFO:SubProcess create_model() end ==================================
2023-05-23 12:47:02,973:INFO:Creating metrics dataframe
2023-05-23 12:47:03,000:INFO:Initializing CatBoost Classifier
2023-05-23 12:47:03,000:INFO:Total runtime is 0.7456677277882894 minutes
2023-05-23 12:47:03,014:INFO:SubProcess create_model() called ==================================
2023-05-23 12:47:03,015:INFO:Initializing create_model()
2023-05-23 12:47:03,015:INFO:create_model(estimator=catboost, fold=StratifiedKFold(n_splits=10, random_state=3484, shuffle=True), round=4, cross_validation=True, predict=True, fit_kwargs={}, groups=None, refit=False, verbose=False, system=False, metrics=None, display=<pycaret.internal.Display.Display object at 0x0000024B5B292BE0>, kwargs={})
2023-05-23 12:47:03,015:INFO:Checking exceptions
2023-05-23 12:47:03,015:INFO:Importing libraries
2023-05-23 12:47:03,015:INFO:Copying training dataset
2023-05-23 12:47:03,016:INFO:Defining folds
2023-05-23 12:47:03,017:INFO:Declaring metric variables
2023-05-23 12:47:03,031:INFO:Importing untrained model
2023-05-23 12:47:03,050:INFO:CatBoost Classifier Imported succesfully
2023-05-23 12:47:03,086:INFO:Starting cross validation
2023-05-23 12:47:03,171:INFO:Cross validating with StratifiedKFold(n_splits=10, random_state=3484, shuffle=True), n_jobs=-1
2023-05-23 12:47:12,634:INFO:Calculating mean and std
2023-05-23 12:47:12,635:INFO:Creating metrics dataframe
2023-05-23 12:47:12,641:INFO:Uploading results into container
2023-05-23 12:47:12,641:INFO:Uploading model into container now
2023-05-23 12:47:12,642:INFO:create_model_container: 15
2023-05-23 12:47:12,642:INFO:master_model_container: 15
2023-05-23 12:47:12,642:INFO:display_container: 1
2023-05-23 12:47:12,643:INFO:<catboost.core.CatBoostClassifier object at 0x0000024B5B34A9D0>
2023-05-23 12:47:12,643:INFO:create_model() succesfully completed......................................
2023-05-23 12:47:12,765:WARNING:create_model() for <catboost.core.CatBoostClassifier object at 0x0000024B5B34A9D0> raised an exception or returned all 0.0, trying without fit_kwargs:
2023-05-23 12:47:12,766:WARNING:Traceback (most recent call last):
  File "c:\Users\David NP\AppData\Local\Programs\Python\Python39\lib\site-packages\pycaret\internal\tabular.py", line 2149, in compare_models
    assert np.sum(model_results.iloc[0]) != 0.0
AssertionError

2023-05-23 12:47:12,766:INFO:Initializing create_model()
2023-05-23 12:47:12,766:INFO:create_model(estimator=<catboost.core.CatBoostClassifier object at 0x0000024B5B34A9D0>, fold=StratifiedKFold(n_splits=10, random_state=3484, shuffle=True), round=4, cross_validation=True, predict=True, fit_kwargs=None, groups=None, refit=False, verbose=False, system=False, metrics=None, display=<pycaret.internal.Display.Display object at 0x0000024B5B292BE0>, kwargs={})
2023-05-23 12:47:12,766:INFO:Checking exceptions
2023-05-23 12:47:12,766:INFO:Importing libraries
2023-05-23 12:47:12,766:INFO:Copying training dataset
2023-05-23 12:47:12,767:INFO:Defining folds
2023-05-23 12:47:12,767:INFO:Declaring metric variables
2023-05-23 12:47:12,781:INFO:Importing untrained model
2023-05-23 12:47:12,781:INFO:Declaring custom model
2023-05-23 12:47:12,798:INFO:CatBoost Classifier Imported succesfully
2023-05-23 12:47:12,834:INFO:Starting cross validation
2023-05-23 12:47:12,834:INFO:Cross validating with StratifiedKFold(n_splits=10, random_state=3484, shuffle=True), n_jobs=-1
2023-05-23 12:47:26,060:INFO:Calculating mean and std
2023-05-23 12:47:26,061:INFO:Creating metrics dataframe
2023-05-23 12:47:26,072:INFO:Uploading results into container
2023-05-23 12:47:26,072:INFO:Uploading model into container now
2023-05-23 12:47:26,072:INFO:create_model_container: 16
2023-05-23 12:47:26,072:INFO:master_model_container: 16
2023-05-23 12:47:26,072:INFO:display_container: 1
2023-05-23 12:47:26,072:INFO:<catboost.core.CatBoostClassifier object at 0x0000024B5AEF4670>
2023-05-23 12:47:26,072:INFO:create_model() succesfully completed......................................
2023-05-23 12:47:26,187:INFO:SubProcess create_model() end ==================================
2023-05-23 12:47:26,187:INFO:Creating metrics dataframe
2023-05-23 12:47:26,242:INFO:Initializing create_model()
2023-05-23 12:47:26,242:INFO:create_model(estimator=DecisionTreeClassifier(ccp_alpha=0.0, class_weight=None, criterion='gini',
                       max_depth=None, max_features=None, max_leaf_nodes=None,
                       min_impurity_decrease=0.0, min_samples_leaf=1,
                       min_samples_split=2, min_weight_fraction_leaf=0.0,
                       random_state=3484, splitter='best'), fold=StratifiedKFold(n_splits=10, random_state=3484, shuffle=True), round=4, cross_validation=False, predict=False, fit_kwargs={}, groups=None, refit=True, verbose=False, system=False, metrics=None, display=None, kwargs={})
2023-05-23 12:47:26,242:INFO:Checking exceptions
2023-05-23 12:47:26,243:INFO:Importing libraries
2023-05-23 12:47:26,243:INFO:Copying training dataset
2023-05-23 12:47:26,243:INFO:Defining folds
2023-05-23 12:47:26,243:INFO:Declaring metric variables
2023-05-23 12:47:26,243:INFO:Importing untrained model
2023-05-23 12:47:26,243:INFO:Declaring custom model
2023-05-23 12:47:26,244:INFO:Decision Tree Classifier Imported succesfully
2023-05-23 12:47:26,245:INFO:Cross validation set to False
2023-05-23 12:47:26,245:INFO:Fitting Model
2023-05-23 12:47:26,249:INFO:DecisionTreeClassifier(ccp_alpha=0.0, class_weight=None, criterion='gini',
                       max_depth=None, max_features=None, max_leaf_nodes=None,
                       min_impurity_decrease=0.0, min_samples_leaf=1,
                       min_samples_split=2, min_weight_fraction_leaf=0.0,
                       random_state=3484, splitter='best')
2023-05-23 12:47:26,249:INFO:create_models() succesfully completed......................................
2023-05-23 12:47:26,464:INFO:create_model_container: 16
2023-05-23 12:47:26,464:INFO:master_model_container: 16
2023-05-23 12:47:26,464:INFO:display_container: 1
2023-05-23 12:47:26,465:INFO:DecisionTreeClassifier(ccp_alpha=0.0, class_weight=None, criterion='gini',
                       max_depth=None, max_features=None, max_leaf_nodes=None,
                       min_impurity_decrease=0.0, min_samples_leaf=1,
                       min_samples_split=2, min_weight_fraction_leaf=0.0,
                       random_state=3484, splitter='best')
2023-05-23 12:47:26,465:INFO:compare_models() succesfully completed......................................
